<?xml version="1.0" encoding="UTF-8"?>
<!-- Generated by org.testng.reporters.JUnitXMLReporter -->
<testsuite ignored="14" hostname="DESKTOP-2LTL7S0" failures="0" tests="19" name="Test" time="4.532" errors="0" timestamp="14 Mar 2023 09:37:44 GMT">
  <testcase classname="testCases.LoginPageTest" name="loginButton" time="0.297"/>
  <testcase classname="testCases.MasterClick" name="master" time="2.331"/>
  <testcase classname="testCases.AddMatMainCat" name="buttonColor" time="0.047"/>
  <testcase classname="testCases.AddMatMainCat" name="buttonEnable" time="0.03"/>
  <testcase classname="testCases.AddMatMainCat" name="fontSize" time="0.025"/>
  <testcase classname="testCases.AddMatMainCat" name="materialMain" time="0.088"/>
  <testcase classname="testCases.AddMatMainCat" name="visibilityButton" time="0.038"/>
  <testcase classname="testCases.EditiconTest" name="editIcon" time="0.066"/>
  <testcase classname="testCases.EditiconTest" name="iconBckgroundcolor" time="0.027"/>
  <testcase classname="testCases.EditiconTest" name="iconEnablity" time="0.026"/>
  <testcase classname="testCases.EditiconTest" name="iconFontsize" time="0.025"/>
  <testcase classname="testCases.EditiconTest" name="iconPosition" time="0.021"/>
  <testcase classname="testCases.SearchTextbox" name="seachTextbox" time="0.235"/>
  <testcase classname="testCases.SearchTextbox" name="textboxColor" time="0.037"/>
  <testcase classname="testCases.SearchTextbox" name="textboxPosition" time="0.025"/>
  <testcase classname="testCases.SearchTextbox" name="textboxSize" time="0.023"/>
  <testcase classname="testCases.Texttest" name="materialMainText" time="0.151"/>
  <testcase classname="testCases.DropdownTest" name="maintypeDropdown" time="0.105"/>
  <testcase classname="testCases.MasterImage" name="masterImage" time="0.058"/>
  <testcase classname="base.DriverInitialization" name="@BeforeSuite main" time="0.0">
    <ignored/>
  </testcase> <!-- @BeforeSuite main -->
  <testcase classname="base.DriverInitialization" name="@BeforeSuite main" time="0.0">
    <ignored/>
  </testcase> <!-- @BeforeSuite main -->
  <testcase classname="base.DriverInitialization" name="@BeforeSuite main" time="0.0">
    <ignored/>
  </testcase> <!-- @BeforeSuite main -->
  <testcase classname="base.DriverInitialization" name="@BeforeSuite main" time="0.0">
    <ignored/>
  </testcase> <!-- @BeforeSuite main -->
  <testcase classname="base.DriverInitialization" name="@BeforeSuite main" time="0.0">
    <ignored/>
  </testcase> <!-- @BeforeSuite main -->
  <testcase classname="base.DriverInitialization" name="@BeforeSuite main" time="0.0">
    <ignored/>
  </testcase> <!-- @BeforeSuite main -->
  <testcase classname="base.DriverInitialization" name="@BeforeSuite main" time="0.0">
    <ignored/>
  </testcase> <!-- @BeforeSuite main -->
  <testcase classname="base.DriverInitialization" name="@AfterSuite closeChrome" time="0.0">
    <ignored/>
  </testcase> <!-- @AfterSuite closeChrome -->
  <testcase classname="base.DriverInitialization" name="@AfterSuite closeChrome" time="0.0">
    <ignored/>
  </testcase> <!-- @AfterSuite closeChrome -->
  <testcase classname="base.DriverInitialization" name="@AfterSuite closeChrome" time="0.0">
    <ignored/>
  </testcase> <!-- @AfterSuite closeChrome -->
  <testcase classname="base.DriverInitialization" name="@AfterSuite closeChrome" time="0.0">
    <ignored/>
  </testcase> <!-- @AfterSuite closeChrome -->
  <testcase classname="base.DriverInitialization" name="@AfterSuite closeChrome" time="0.0">
    <ignored/>
  </testcase> <!-- @AfterSuite closeChrome -->
  <testcase classname="base.DriverInitialization" name="@AfterSuite closeChrome" time="0.0">
    <ignored/>
  </testcase> <!-- @AfterSuite closeChrome -->
  <testcase classname="base.DriverInitialization" name="@AfterSuite closeChrome" time="0.0">
    <ignored/>
  </testcase> <!-- @AfterSuite closeChrome -->
</testsuite> <!-- Test -->
