<?xml version="1.0" encoding="UTF-8"?>
<testng-results ignored="14" total="33" passed="19" failed="0" skipped="0">
  <reporter-output>
  </reporter-output>
  <suite started-at="2023-03-14T09:37:39Z" name="Suite" finished-at="2023-03-14T09:37:44Z" duration-ms="4532">
    <groups>
    </groups>
    <test started-at="2023-03-14T09:37:39Z" name="Test" finished-at="2023-03-14T09:37:44Z" duration-ms="4532">
      <class name="testCases.MasterImage">
        <test-method signature="masterImage()[pri:0, instance:testCases.MasterImage@77128dab]" started-at="2023-03-14T09:37:44Z" name="masterImage" finished-at="2023-03-14T09:37:44Z" duration-ms="58" status="PASS">
          <reporter-output>
          </reporter-output>
        </test-method> <!-- masterImage -->
        <test-method is-config="true" signature="repoerFlush()[pri:0, instance:testCases.MasterImage@77128dab]" started-at="2023-03-14T09:37:44Z" name="repoerFlush" finished-at="2023-03-14T09:37:44Z" duration-ms="45" status="PASS">
          <reporter-output>
          </reporter-output>
        </test-method> <!-- repoerFlush -->
      </class> <!-- testCases.MasterImage -->
      <class name="testCases.LoginPageTest">
        <test-method is-config="true" signature="main()[pri:0, instance:testCases.LoginPageTest@187eb9a8]" started-at="2023-03-14T09:37:27Z" name="main" finished-at="2023-03-14T09:37:39Z" duration-ms="11687" status="PASS">
          <reporter-output>
          </reporter-output>
        </test-method> <!-- main -->
        <test-method signature="loginButton()[pri:0, instance:testCases.LoginPageTest@187eb9a8]" started-at="2023-03-14T09:37:39Z" name="loginButton" finished-at="2023-03-14T09:37:39Z" duration-ms="297" status="PASS">
          <reporter-output>
          </reporter-output>
        </test-method> <!-- loginButton -->
        <test-method is-config="true" signature="repoerFlush()[pri:0, instance:testCases.LoginPageTest@187eb9a8]" started-at="2023-03-14T09:37:39Z" name="repoerFlush" finished-at="2023-03-14T09:37:39Z" duration-ms="3" status="PASS">
          <reporter-output>
          </reporter-output>
        </test-method> <!-- repoerFlush -->
        <test-method is-config="true" signature="closeChrome()[pri:0, instance:testCases.LoginPageTest@187eb9a8]" started-at="2023-03-14T09:37:44Z" name="closeChrome" finished-at="2023-03-14T09:37:44Z" duration-ms="3" status="PASS">
          <reporter-output>
          </reporter-output>
        </test-method> <!-- closeChrome -->
      </class> <!-- testCases.LoginPageTest -->
      <class name="testCases.Texttest">
        <test-method signature="materialMainText()[pri:0, instance:testCases.Texttest@1ee29c84]" started-at="2023-03-14T09:37:43Z" name="materialMainText" finished-at="2023-03-14T09:37:43Z" duration-ms="151" status="PASS">
          <reporter-output>
          </reporter-output>
        </test-method> <!-- materialMainText -->
        <test-method is-config="true" signature="repoerFlush()[pri:0, instance:testCases.Texttest@1ee29c84]" started-at="2023-03-14T09:37:43Z" name="repoerFlush" finished-at="2023-03-14T09:37:43Z" duration-ms="63" status="PASS">
          <reporter-output>
          </reporter-output>
        </test-method> <!-- repoerFlush -->
      </class> <!-- testCases.Texttest -->
      <class name="testCases.EditiconTest">
        <test-method signature="editIcon()[pri:0, instance:testCases.EditiconTest@522b2631]" started-at="2023-03-14T09:37:43Z" name="editIcon" finished-at="2023-03-14T09:37:43Z" duration-ms="66" status="PASS">
          <reporter-output>
          </reporter-output>
        </test-method> <!-- editIcon -->
        <test-method signature="iconBckgroundcolor()[pri:0, instance:testCases.EditiconTest@522b2631]" started-at="2023-03-14T09:37:43Z" name="iconBckgroundcolor" finished-at="2023-03-14T09:37:43Z" duration-ms="27" status="PASS">
          <reporter-output>
          </reporter-output>
        </test-method> <!-- iconBckgroundcolor -->
        <test-method signature="iconEnablity()[pri:0, instance:testCases.EditiconTest@522b2631]" started-at="2023-03-14T09:37:43Z" name="iconEnablity" finished-at="2023-03-14T09:37:43Z" duration-ms="26" status="PASS">
          <reporter-output>
          </reporter-output>
        </test-method> <!-- iconEnablity -->
        <test-method signature="iconFontsize()[pri:0, instance:testCases.EditiconTest@522b2631]" started-at="2023-03-14T09:37:43Z" name="iconFontsize" finished-at="2023-03-14T09:37:43Z" duration-ms="25" status="PASS">
          <reporter-output>
          </reporter-output>
        </test-method> <!-- iconFontsize -->
        <test-method signature="iconPosition()[pri:0, instance:testCases.EditiconTest@522b2631]" started-at="2023-03-14T09:37:43Z" name="iconPosition" finished-at="2023-03-14T09:37:43Z" duration-ms="21" status="PASS">
          <reporter-output>
          </reporter-output>
        </test-method> <!-- iconPosition -->
        <test-method is-config="true" signature="repoerFlush()[pri:0, instance:testCases.EditiconTest@522b2631]" started-at="2023-03-14T09:37:43Z" name="repoerFlush" finished-at="2023-03-14T09:37:43Z" duration-ms="76" status="PASS">
          <reporter-output>
          </reporter-output>
        </test-method> <!-- repoerFlush -->
      </class> <!-- testCases.EditiconTest -->
      <class name="testCases.AddMatMainCat">
        <test-method signature="buttonColor()[pri:0, instance:testCases.AddMatMainCat@6ad11a56]" started-at="2023-03-14T09:37:42Z" name="buttonColor" finished-at="2023-03-14T09:37:42Z" duration-ms="47" status="PASS">
          <reporter-output>
          </reporter-output>
        </test-method> <!-- buttonColor -->
        <test-method signature="buttonEnable()[pri:0, instance:testCases.AddMatMainCat@6ad11a56]" started-at="2023-03-14T09:37:42Z" name="buttonEnable" finished-at="2023-03-14T09:37:42Z" duration-ms="30" status="PASS">
          <reporter-output>
          </reporter-output>
        </test-method> <!-- buttonEnable -->
        <test-method signature="fontSize()[pri:0, instance:testCases.AddMatMainCat@6ad11a56]" started-at="2023-03-14T09:37:42Z" name="fontSize" finished-at="2023-03-14T09:37:42Z" duration-ms="25" status="PASS">
          <reporter-output>
          </reporter-output>
        </test-method> <!-- fontSize -->
        <test-method signature="materialMain()[pri:0, instance:testCases.AddMatMainCat@6ad11a56]" started-at="2023-03-14T09:37:42Z" name="materialMain" finished-at="2023-03-14T09:37:42Z" duration-ms="88" status="PASS">
          <reporter-output>
          </reporter-output>
        </test-method> <!-- materialMain -->
        <test-method signature="visibilityButton()[pri:0, instance:testCases.AddMatMainCat@6ad11a56]" started-at="2023-03-14T09:37:42Z" name="visibilityButton" finished-at="2023-03-14T09:37:42Z" duration-ms="38" status="PASS">
          <reporter-output>
          </reporter-output>
        </test-method> <!-- visibilityButton -->
        <test-method is-config="true" signature="repoerFlush()[pri:0, instance:testCases.AddMatMainCat@6ad11a56]" started-at="2023-03-14T09:37:42Z" name="repoerFlush" finished-at="2023-03-14T09:37:43Z" duration-ms="477" status="PASS">
          <reporter-output>
          </reporter-output>
        </test-method> <!-- repoerFlush -->
      </class> <!-- testCases.AddMatMainCat -->
      <class name="testCases.DropdownTest">
        <test-method signature="maintypeDropdown()[pri:0, instance:testCases.DropdownTest@7c8326a4]" started-at="2023-03-14T09:37:43Z" name="maintypeDropdown" finished-at="2023-03-14T09:37:44Z" duration-ms="105" status="PASS">
          <reporter-output>
          </reporter-output>
        </test-method> <!-- maintypeDropdown -->
        <test-method is-config="true" signature="repoerFlush()[pri:0, instance:testCases.DropdownTest@7c8326a4]" started-at="2023-03-14T09:37:44Z" name="repoerFlush" finished-at="2023-03-14T09:37:44Z" duration-ms="51" status="PASS">
          <reporter-output>
          </reporter-output>
        </test-method> <!-- repoerFlush -->
      </class> <!-- testCases.DropdownTest -->
      <class name="testCases.SearchTextbox">
        <test-method signature="seachTextbox()[pri:0, instance:testCases.SearchTextbox@3ff57625]" started-at="2023-03-14T09:37:43Z" name="seachTextbox" finished-at="2023-03-14T09:37:43Z" duration-ms="235" status="PASS">
          <reporter-output>
          </reporter-output>
        </test-method> <!-- seachTextbox -->
        <test-method signature="textboxColor()[pri:0, instance:testCases.SearchTextbox@3ff57625]" started-at="2023-03-14T09:37:43Z" name="textboxColor" finished-at="2023-03-14T09:37:43Z" duration-ms="37" status="PASS">
          <reporter-output>
          </reporter-output>
        </test-method> <!-- textboxColor -->
        <test-method signature="textboxPosition()[pri:0, instance:testCases.SearchTextbox@3ff57625]" started-at="2023-03-14T09:37:43Z" name="textboxPosition" finished-at="2023-03-14T09:37:43Z" duration-ms="25" status="PASS">
          <reporter-output>
          </reporter-output>
        </test-method> <!-- textboxPosition -->
        <test-method signature="textboxSize()[pri:0, instance:testCases.SearchTextbox@3ff57625]" started-at="2023-03-14T09:37:43Z" name="textboxSize" finished-at="2023-03-14T09:37:43Z" duration-ms="23" status="PASS">
          <reporter-output>
          </reporter-output>
        </test-method> <!-- textboxSize -->
        <test-method is-config="true" signature="repoerFlush()[pri:0, instance:testCases.SearchTextbox@3ff57625]" started-at="2023-03-14T09:37:43Z" name="repoerFlush" finished-at="2023-03-14T09:37:43Z" duration-ms="101" status="PASS">
          <reporter-output>
          </reporter-output>
        </test-method> <!-- repoerFlush -->
      </class> <!-- testCases.SearchTextbox -->
      <class name="testCases.MasterClick">
        <test-method signature="master()[pri:0, instance:testCases.MasterClick@726a6b94]" started-at="2023-03-14T09:37:40Z" name="master" finished-at="2023-03-14T09:37:42Z" duration-ms="2331" status="PASS">
          <reporter-output>
          </reporter-output>
        </test-method> <!-- master -->
        <test-method is-config="true" signature="repoerFlush()[pri:0, instance:testCases.MasterClick@726a6b94]" started-at="2023-03-14T09:37:42Z" name="repoerFlush" finished-at="2023-03-14T09:37:42Z" duration-ms="1" status="PASS">
          <reporter-output>
          </reporter-output>
        </test-method> <!-- repoerFlush -->
      </class> <!-- testCases.MasterClick -->
    </test> <!-- Test -->
  </suite> <!-- Suite -->
</testng-results>
